<?xml version="1.0" encoding="UTF-8"?>
<testng-results ignored="0" total="1" passed="1" failed="0" skipped="0">
  <reporter-output>
  </reporter-output>
  <suite started-at="2022-09-15T23:07:45 IST" name="Default suite" finished-at="2022-09-15T23:07:45 IST" duration-ms="138">
    <groups>
    </groups>
    <test started-at="2022-09-15T23:07:45 IST" name="Default test" finished-at="2022-09-15T23:07:45 IST" duration-ms="138">
      <class name="packageNew.TesrNGNew">
        <test-method is-config="true" signature="beforeClass()[pri:0, instance:packageNew.TesrNGNew@2145b572]" started-at="2022-09-15T23:07:45 IST" name="beforeClass" finished-at="2022-09-15T23:07:45 IST" duration-ms="22" status="PASS">
          <reporter-output>
          </reporter-output>
        </test-method> <!-- beforeClass -->
        <test-method is-config="true" signature="beforeMethod()[pri:0, instance:packageNew.TesrNGNew@2145b572]" started-at="2022-09-15T23:07:45 IST" name="beforeMethod" finished-at="2022-09-15T23:07:45 IST" duration-ms="1" status="PASS">
          <reporter-output>
          </reporter-output>
        </test-method> <!-- beforeMethod -->
        <test-method signature="test()[pri:0, instance:packageNew.TesrNGNew@2145b572]" started-at="2022-09-15T23:07:45 IST" name="test" finished-at="2022-09-15T23:07:45 IST" duration-ms="16" status="PASS">
          <reporter-output>
          </reporter-output>
        </test-method> <!-- test -->
      </class> <!-- packageNew.TesrNGNew -->
    </test> <!-- Default test -->
  </suite> <!-- Default suite -->
</testng-results>
