<?xml version="1.0" encoding="UTF-8"?>
<testng-results ignored="0" total="1" passed="1" failed="0" skipped="0">
  <reporter-output>
  </reporter-output>
  <suite started-at="2022-09-28T16:41:49 IST" name="Default suite" finished-at="2022-09-28T16:42:09 IST" duration-ms="19672">
    <groups>
    </groups>
    <test started-at="2022-09-28T16:41:49 IST" name="Default test" finished-at="2022-09-28T16:42:09 IST" duration-ms="19672">
      <class name="test1.FacebookLogin">
        <test-method is-config="true" signature="setDriver()[pri:0, instance:test1.FacebookLogin@6356695f]" started-at="2022-09-28T16:41:49 IST" name="setDriver" finished-at="2022-09-28T16:41:49 IST" duration-ms="23" status="PASS">
          <reporter-output>
          </reporter-output>
        </test-method> <!-- setDriver -->
        <test-method is-config="true" signature="driverOperations()[pri:0, instance:test1.FacebookLogin@6356695f]" started-at="2022-09-28T16:41:49 IST" name="driverOperations" finished-at="2022-09-28T16:42:08 IST" duration-ms="18302" status="PASS">
          <reporter-output>
          </reporter-output>
        </test-method> <!-- driverOperations -->
        <test-method signature="loginCheck()[pri:0, instance:test1.FacebookLogin@6356695f]" started-at="2022-09-28T16:42:08 IST" name="loginCheck" finished-at="2022-09-28T16:42:08 IST" duration-ms="373" status="PASS">
          <reporter-output>
          </reporter-output>
        </test-method> <!-- loginCheck -->
        <test-method is-config="true" signature="closeDriver()[pri:0, instance:test1.FacebookLogin@6356695f]" started-at="2022-09-28T16:42:08 IST" name="closeDriver" finished-at="2022-09-28T16:42:09 IST" duration-ms="825" status="PASS">
          <reporter-output>
          </reporter-output>
        </test-method> <!-- closeDriver -->
        <test-method is-config="true" signature="nullOperations()[pri:0, instance:test1.FacebookLogin@6356695f]" started-at="2022-09-28T16:42:09 IST" name="nullOperations" finished-at="2022-09-28T16:42:09 IST" duration-ms="83" status="PASS">
          <reporter-output>
          </reporter-output>
        </test-method> <!-- nullOperations -->
      </class> <!-- test1.FacebookLogin -->
    </test> <!-- Default test -->
  </suite> <!-- Default suite -->
</testng-results>
